2024-07-09T00:01:22.022+01:00 DEBUG 14380 --- [sensor-api] [http-nio-8080-exec-8] c.e.s.service.CustomUserDetailsService   : Attempting to load user by username: nuno
2024-07-09T00:01:22.022+01:00 DEBUG 14380 --- [sensor-api] [http-nio-8080-exec-7] c.e.s.service.CustomUserDetailsService   : Attempting to load user by username: nuno
2024-07-09T00:01:22.041+01:00 DEBUG 14380 --- [sensor-api] [http-nio-8080-exec-8] c.e.s.service.CustomUserDetailsService   : User found: nuno with encoded password: $2a$10$C00E4KoKKPxn9cq/ttoQ.O6GNeLyxSrbugDLPBmHSoTRtE7oAbqjO
2024-07-09T00:01:22.041+01:00 DEBUG 14380 --- [sensor-api] [http-nio-8080-exec-7] c.e.s.service.CustomUserDetailsService   : User found: nuno with encoded password: $2a$10$C00E4KoKKPxn9cq/ttoQ.O6GNeLyxSrbugDLPBmHSoTRtE7oAbqjO
2024-07-09T00:22:36.137+01:00  INFO 14380 --- [sensor-api] [org.springframework.amqp.rabbit.RabbitListenerEndpointContainer#0-2] o.s.a.r.l.SimpleMessageListenerContainer : Waiting for workers to finish.
2024-07-09T00:22:36.693+01:00  INFO 14380 --- [sensor-api] [org.springframework.amqp.rabbit.RabbitListenerEndpointContainer#0-2] o.s.a.r.l.SimpleMessageListenerContainer : Successfully waited for workers to finish.
2024-07-09T00:23:24.403+01:00  INFO 27548 --- [sensor-api] [main] c.e.sensorapi.SensorApiApplication       : Starting SensorApiApplication using Java 21 with PID 27548 (C:\Users\nnsou\OneDrive\Ambiente de Trabalho\Git\sensor-api\target\classes started by nnsou in C:\Users\nnsou\OneDrive\Ambiente de Trabalho\Git\sensor-api)
2024-07-09T00:23:24.405+01:00 DEBUG 27548 --- [sensor-api] [main] c.e.sensorapi.SensorApiApplication       : Running with Spring Boot v3.2.6, Spring v6.1.8
2024-07-09T00:23:24.405+01:00  INFO 27548 --- [sensor-api] [main] c.e.sensorapi.SensorApiApplication       : No active profile set, falling back to 1 default profile: "default"
2024-07-09T00:23:25.431+01:00  INFO 27548 --- [sensor-api] [main] .s.d.r.c.RepositoryConfigurationDelegate : Bootstrapping Spring Data MongoDB repositories in DEFAULT mode.
2024-07-09T00:23:25.505+01:00  INFO 27548 --- [sensor-api] [main] .s.d.r.c.RepositoryConfigurationDelegate : Finished Spring Data repository scanning in 68 ms. Found 3 MongoDB repository interfaces.
2024-07-09T00:23:25.733+01:00  INFO 27548 --- [sensor-api] [main] o.s.cloud.context.scope.GenericScope     : BeanFactory id=09fdab97-2e8c-303b-927c-70894e0101f6
2024-07-09T00:23:26.154+01:00  INFO 27548 --- [sensor-api] [main] o.s.b.w.embedded.tomcat.TomcatWebServer  : Tomcat initialized with port 8080 (http)
2024-07-09T00:23:26.174+01:00  INFO 27548 --- [sensor-api] [main] o.apache.catalina.core.StandardService   : Starting service [Tomcat]
2024-07-09T00:23:26.175+01:00  INFO 27548 --- [sensor-api] [main] o.apache.catalina.core.StandardEngine    : Starting Servlet engine: [Apache Tomcat/10.1.24]
2024-07-09T00:23:26.280+01:00  INFO 27548 --- [sensor-api] [main] o.a.c.c.C.[Tomcat].[localhost].[/]       : Initializing Spring embedded WebApplicationContext
2024-07-09T00:23:26.280+01:00  INFO 27548 --- [sensor-api] [main] w.s.c.ServletWebServerApplicationContext : Root WebApplicationContext: initialization completed in 1807 ms
2024-07-09T00:23:26.362+01:00 DEBUG 27548 --- [sensor-api] [main] c.e.s.config.JwtAuthenticationFilter     : Filter 'jwtAuthenticationFilter' configured for use
2024-07-09T00:23:26.808+01:00  INFO 27548 --- [sensor-api] [main] org.mongodb.driver.client                : MongoClient with metadata {"driver": {"name": "mongo-java-driver|sync|spring-boot", "version": "4.11.2"}, "os": {"type": "Windows", "name": "Windows 11", "architecture": "amd64", "version": "10.0"}, "platform": "Java/Oracle Corporation/21+35-2513"} created with settings MongoClientSettings{readPreference=primary, writeConcern=WriteConcern{w=null, wTimeout=null ms, journal=null}, retryWrites=true, retryReads=true, readConcern=ReadConcern{level=null}, credential=null, transportSettings=null, streamFactoryFactory=null, commandListeners=[], codecRegistry=ProvidersCodecRegistry{codecProviders=[ValueCodecProvider{}, BsonValueCodecProvider{}, DBRefCodecProvider{}, DBObjectCodecProvider{}, DocumentCodecProvider{}, CollectionCodecProvider{}, IterableCodecProvider{}, MapCodecProvider{}, GeoJsonCodecProvider{}, GridFSFileCodecProvider{}, Jsr310CodecProvider{}, JsonObjectCodecProvider{}, BsonCodecProvider{}, EnumCodecProvider{}, com.mongodb.client.model.mql.ExpressionCodecProvider@3e43f049, com.mongodb.Jep395RecordCodecProvider@147cc940, com.mongodb.KotlinCodecProvider@755a7218]}, loggerSettings=LoggerSettings{maxDocumentLength=1000}, clusterSettings={hosts=[localhost:27017], srvServiceName=mongodb, mode=SINGLE, requiredClusterType=UNKNOWN, requiredReplicaSetName='null', serverSelector='null', clusterListeners='[]', serverSelectionTimeout='30000 ms', localThreshold='15 ms'}, socketSettings=SocketSettings{connectTimeoutMS=10000, readTimeoutMS=0, receiveBufferSize=0, proxySettings=ProxySettings{host=null, port=null, username=null, password=null}}, heartbeatSocketSettings=SocketSettings{connectTimeoutMS=10000, readTimeoutMS=10000, receiveBufferSize=0, proxySettings=ProxySettings{host=null, port=null, username=null, password=null}}, connectionPoolSettings=ConnectionPoolSettings{maxSize=100, minSize=0, maxWaitTimeMS=120000, maxConnectionLifeTimeMS=0, maxConnectionIdleTimeMS=0, maintenanceInitialDelayMS=0, maintenanceFrequencyMS=60000, connectionPoolListeners=[], maxConnecting=2}, serverSettings=ServerSettings{heartbeatFrequencyMS=10000, minHeartbeatFrequencyMS=500, serverListeners='[]', serverMonitorListeners='[]'}, sslSettings=SslSettings{enabled=false, invalidHostNameAllowed=false, context=null}, applicationName='null', compressorList=[], uuidRepresentation=JAVA_LEGACY, serverApi=null, autoEncryptionSettings=null, dnsClient=null, inetAddressResolver=null, contextProvider=null}
2024-07-09T00:23:26.830+01:00  INFO 27548 --- [sensor-api] [cluster-ClusterId{value='668c74eef59cb36663aa0302', description='null'}-localhost:27017] org.mongodb.driver.cluster               : Monitor thread successfully connected to server with description ServerDescription{address=localhost:27017, type=STANDALONE, state=CONNECTED, ok=true, minWireVersion=0, maxWireVersion=21, maxDocumentSize=16777216, logicalSessionTimeoutMinutes=30, roundTripTimeNanos=30661300}
2024-07-09T00:23:28.101+01:00  INFO 27548 --- [sensor-api] [main] o.s.s.web.DefaultSecurityFilterChain     : Will secure any request with [org.springframework.security.web.session.DisableEncodeUrlFilter@f42336c, org.springframework.security.web.context.request.async.WebAsyncManagerIntegrationFilter@6b3b4f37, org.springframework.security.web.context.SecurityContextHolderFilter@37364634, org.springframework.security.web.header.HeaderWriterFilter@ace2408, org.springframework.web.filter.CorsFilter@3b25709e, org.springframework.security.web.authentication.logout.LogoutFilter@2aa07d80, com.example.sensorapi.config.JwtAuthenticationFilter@14447be, org.springframework.security.web.savedrequest.RequestCacheAwareFilter@5bf7f15f, org.springframework.security.web.servletapi.SecurityContextHolderAwareRequestFilter@14b26e90, org.springframework.security.web.authentication.AnonymousAuthenticationFilter@5ec6a1b6, org.springframework.security.web.session.SessionManagementFilter@7d5ef1c3, org.springframework.security.web.access.ExceptionTranslationFilter@506b083, org.springframework.security.web.access.intercept.AuthorizationFilter@3bdbf8d3]
2024-07-09T00:23:28.633+01:00  INFO 27548 --- [sensor-api] [main] o.s.b.w.embedded.tomcat.TomcatWebServer  : Tomcat started on port 8080 (http) with context path ''
2024-07-09T00:23:28.650+01:00  INFO 27548 --- [sensor-api] [main] o.s.a.r.c.CachingConnectionFactory       : Attempting to connect to: [localhost:5672]
2024-07-09T00:23:28.699+01:00  INFO 27548 --- [sensor-api] [main] o.s.a.r.c.CachingConnectionFactory       : Created new connection: rabbitConnectionFactory#7d4d65f5:0/SimpleConnection@684a802a [delegate=amqp://guest@127.0.0.1:5672/, localPort=54865]
2024-07-09T00:23:28.766+01:00  INFO 27548 --- [sensor-api] [main] c.e.sensorapi.SensorApiApplication       : Started SensorApiApplication in 4.928 seconds (process running for 5.378)
2024-07-09T00:24:07.069+01:00  INFO 27548 --- [sensor-api] [http-nio-8080-exec-1] o.a.c.c.C.[Tomcat].[localhost].[/]       : Initializing Spring DispatcherServlet 'dispatcherServlet'
2024-07-09T00:24:07.070+01:00  INFO 27548 --- [sensor-api] [http-nio-8080-exec-1] o.s.web.servlet.DispatcherServlet        : Initializing Servlet 'dispatcherServlet'
2024-07-09T00:24:07.073+01:00  INFO 27548 --- [sensor-api] [http-nio-8080-exec-1] o.s.web.servlet.DispatcherServlet        : Completed initialization in 2 ms
2024-07-09T00:33:38.100+01:00 DEBUG 27548 --- [sensor-api] [http-nio-8080-exec-8] c.e.s.service.CustomUserDetailsService   : Attempting to load user by username: nuno3
2024-07-09T00:33:38.107+01:00 DEBUG 27548 --- [sensor-api] [http-nio-8080-exec-8] c.e.s.service.CustomUserDetailsService   : User found: nuno3 with encoded password: $2a$10$KuY4Y4h1FA6483veb3DdneeTPY3gUZmttUu7zqYDurAfuo8mnbCpu
2024-07-09T00:33:38.351+01:00 DEBUG 27548 --- [sensor-api] [http-nio-8080-exec-2] c.e.s.service.CustomUserDetailsService   : Attempting to load user by username: nuno3
2024-07-09T00:33:38.351+01:00 DEBUG 27548 --- [sensor-api] [http-nio-8080-exec-3] c.e.s.service.CustomUserDetailsService   : Attempting to load user by username: nuno3
2024-07-09T00:33:38.357+01:00 DEBUG 27548 --- [sensor-api] [http-nio-8080-exec-2] c.e.s.service.CustomUserDetailsService   : User found: nuno3 with encoded password: $2a$10$KuY4Y4h1FA6483veb3DdneeTPY3gUZmttUu7zqYDurAfuo8mnbCpu
2024-07-09T00:33:38.366+01:00 DEBUG 27548 --- [sensor-api] [http-nio-8080-exec-3] c.e.s.service.CustomUserDetailsService   : User found: nuno3 with encoded password: $2a$10$KuY4Y4h1FA6483veb3DdneeTPY3gUZmttUu7zqYDurAfuo8mnbCpu
2024-07-09T00:33:38.414+01:00 DEBUG 27548 --- [sensor-api] [http-nio-8080-exec-4] c.e.s.service.CustomUserDetailsService   : Attempting to load user by username: nuno3
2024-07-09T00:33:38.414+01:00 DEBUG 27548 --- [sensor-api] [http-nio-8080-exec-5] c.e.s.service.CustomUserDetailsService   : Attempting to load user by username: nuno3
2024-07-09T00:33:38.418+01:00 DEBUG 27548 --- [sensor-api] [http-nio-8080-exec-5] c.e.s.service.CustomUserDetailsService   : User found: nuno3 with encoded password: $2a$10$KuY4Y4h1FA6483veb3DdneeTPY3gUZmttUu7zqYDurAfuo8mnbCpu
2024-07-09T00:33:38.418+01:00 DEBUG 27548 --- [sensor-api] [http-nio-8080-exec-4] c.e.s.service.CustomUserDetailsService   : User found: nuno3 with encoded password: $2a$10$KuY4Y4h1FA6483veb3DdneeTPY3gUZmttUu7zqYDurAfuo8mnbCpu
2024-07-09T00:33:41.702+01:00 DEBUG 27548 --- [sensor-api] [http-nio-8080-exec-7] c.e.s.service.CustomUserDetailsService   : Attempting to load user by username: nuno3
2024-07-09T00:33:41.707+01:00 DEBUG 27548 --- [sensor-api] [http-nio-8080-exec-7] c.e.s.service.CustomUserDetailsService   : User found: nuno3 with encoded password: $2a$10$KuY4Y4h1FA6483veb3DdneeTPY3gUZmttUu7zqYDurAfuo8mnbCpu
2024-07-09T00:33:41.732+01:00 DEBUG 27548 --- [sensor-api] [http-nio-8080-exec-9] c.e.s.service.CustomUserDetailsService   : Attempting to load user by username: nuno3
2024-07-09T00:33:41.735+01:00 DEBUG 27548 --- [sensor-api] [http-nio-8080-exec-9] c.e.s.service.CustomUserDetailsService   : User found: nuno3 with encoded password: $2a$10$KuY4Y4h1FA6483veb3DdneeTPY3gUZmttUu7zqYDurAfuo8mnbCpu
2024-07-09T00:33:47.468+01:00 DEBUG 27548 --- [sensor-api] [http-nio-8080-exec-1] c.e.s.service.CustomUserDetailsService   : Attempting to load user by username: nuno3
2024-07-09T00:33:47.470+01:00 DEBUG 27548 --- [sensor-api] [http-nio-8080-exec-1] c.e.s.service.CustomUserDetailsService   : User found: nuno3 with encoded password: $2a$10$KuY4Y4h1FA6483veb3DdneeTPY3gUZmttUu7zqYDurAfuo8mnbCpu
2024-07-09T00:33:52.461+01:00 DEBUG 27548 --- [sensor-api] [http-nio-8080-exec-2] c.e.s.service.CustomUserDetailsService   : Attempting to load user by username: nuno3
2024-07-09T00:33:52.464+01:00 DEBUG 27548 --- [sensor-api] [http-nio-8080-exec-2] c.e.s.service.CustomUserDetailsService   : User found: nuno3 with encoded password: $2a$10$KuY4Y4h1FA6483veb3DdneeTPY3gUZmttUu7zqYDurAfuo8mnbCpu
2024-07-09T00:33:52.525+01:00 DEBUG 27548 --- [sensor-api] [http-nio-8080-exec-5] c.e.s.service.CustomUserDetailsService   : Attempting to load user by username: nuno3
2024-07-09T00:33:52.529+01:00 DEBUG 27548 --- [sensor-api] [http-nio-8080-exec-5] c.e.s.service.CustomUserDetailsService   : User found: nuno3 with encoded password: $2a$10$KuY4Y4h1FA6483veb3DdneeTPY3gUZmttUu7zqYDurAfuo8mnbCpu
2024-07-09T00:33:53.956+01:00 DEBUG 27548 --- [sensor-api] [http-nio-8080-exec-4] c.e.s.service.CustomUserDetailsService   : Attempting to load user by username: nuno3
2024-07-09T00:33:53.959+01:00 DEBUG 27548 --- [sensor-api] [http-nio-8080-exec-4] c.e.s.service.CustomUserDetailsService   : User found: nuno3 with encoded password: $2a$10$KuY4Y4h1FA6483veb3DdneeTPY3gUZmttUu7zqYDurAfuo8mnbCpu
2024-07-09T00:34:04.226+01:00 DEBUG 27548 --- [sensor-api] [http-nio-8080-exec-6] c.e.s.service.CustomUserDetailsService   : Attempting to load user by username: nuno3
2024-07-09T00:34:04.230+01:00 DEBUG 27548 --- [sensor-api] [http-nio-8080-exec-6] c.e.s.service.CustomUserDetailsService   : User found: nuno3 with encoded password: $2a$10$KuY4Y4h1FA6483veb3DdneeTPY3gUZmttUu7zqYDurAfuo8mnbCpu
2024-07-09T00:34:04.251+01:00 DEBUG 27548 --- [sensor-api] [http-nio-8080-exec-7] c.e.s.service.CustomUserDetailsService   : Attempting to load user by username: nuno3
2024-07-09T00:34:04.253+01:00 DEBUG 27548 --- [sensor-api] [http-nio-8080-exec-7] c.e.s.service.CustomUserDetailsService   : User found: nuno3 with encoded password: $2a$10$KuY4Y4h1FA6483veb3DdneeTPY3gUZmttUu7zqYDurAfuo8mnbCpu
2024-07-09T00:34:05.969+01:00 DEBUG 27548 --- [sensor-api] [http-nio-8080-exec-9] c.e.s.service.CustomUserDetailsService   : Attempting to load user by username: nuno3
2024-07-09T00:34:05.969+01:00 DEBUG 27548 --- [sensor-api] [http-nio-8080-exec-10] c.e.s.service.CustomUserDetailsService   : Attempting to load user by username: nuno3
2024-07-09T00:34:05.972+01:00 DEBUG 27548 --- [sensor-api] [http-nio-8080-exec-10] c.e.s.service.CustomUserDetailsService   : User found: nuno3 with encoded password: $2a$10$KuY4Y4h1FA6483veb3DdneeTPY3gUZmttUu7zqYDurAfuo8mnbCpu
2024-07-09T00:34:05.972+01:00 DEBUG 27548 --- [sensor-api] [http-nio-8080-exec-9] c.e.s.service.CustomUserDetailsService   : User found: nuno3 with encoded password: $2a$10$KuY4Y4h1FA6483veb3DdneeTPY3gUZmttUu7zqYDurAfuo8mnbCpu
2024-07-09T00:34:05.984+01:00 DEBUG 27548 --- [sensor-api] [http-nio-8080-exec-3] c.e.s.service.CustomUserDetailsService   : Attempting to load user by username: nuno3
2024-07-09T00:34:05.984+01:00 DEBUG 27548 --- [sensor-api] [http-nio-8080-exec-1] c.e.s.service.CustomUserDetailsService   : Attempting to load user by username: nuno3
2024-07-09T00:34:05.986+01:00 DEBUG 27548 --- [sensor-api] [http-nio-8080-exec-3] c.e.s.service.CustomUserDetailsService   : User found: nuno3 with encoded password: $2a$10$KuY4Y4h1FA6483veb3DdneeTPY3gUZmttUu7zqYDurAfuo8mnbCpu
2024-07-09T00:34:05.986+01:00 DEBUG 27548 --- [sensor-api] [http-nio-8080-exec-1] c.e.s.service.CustomUserDetailsService   : User found: nuno3 with encoded password: $2a$10$KuY4Y4h1FA6483veb3DdneeTPY3gUZmttUu7zqYDurAfuo8mnbCpu
2024-07-09T00:34:09.563+01:00 DEBUG 27548 --- [sensor-api] [http-nio-8080-exec-2] c.e.s.service.CustomUserDetailsService   : Attempting to load user by username: nuno3
2024-07-09T00:34:09.567+01:00 DEBUG 27548 --- [sensor-api] [http-nio-8080-exec-2] c.e.s.service.CustomUserDetailsService   : User found: nuno3 with encoded password: $2a$10$KuY4Y4h1FA6483veb3DdneeTPY3gUZmttUu7zqYDurAfuo8mnbCpu
2024-07-09T00:34:09.587+01:00 DEBUG 27548 --- [sensor-api] [http-nio-8080-exec-5] c.e.s.service.CustomUserDetailsService   : Attempting to load user by username: nuno3
2024-07-09T00:34:09.589+01:00 DEBUG 27548 --- [sensor-api] [http-nio-8080-exec-5] c.e.s.service.CustomUserDetailsService   : User found: nuno3 with encoded password: $2a$10$KuY4Y4h1FA6483veb3DdneeTPY3gUZmttUu7zqYDurAfuo8mnbCpu
2024-07-09T00:34:20.981+01:00 DEBUG 27548 --- [sensor-api] [http-nio-8080-exec-4] c.e.s.service.CustomUserDetailsService   : Attempting to load user by username: nuno3
2024-07-09T00:34:20.981+01:00 DEBUG 27548 --- [sensor-api] [http-nio-8080-exec-8] c.e.s.service.CustomUserDetailsService   : Attempting to load user by username: nuno3
2024-07-09T00:34:20.984+01:00 DEBUG 27548 --- [sensor-api] [http-nio-8080-exec-8] c.e.s.service.CustomUserDetailsService   : User found: nuno3 with encoded password: $2a$10$KuY4Y4h1FA6483veb3DdneeTPY3gUZmttUu7zqYDurAfuo8mnbCpu
2024-07-09T00:34:20.984+01:00 DEBUG 27548 --- [sensor-api] [http-nio-8080-exec-4] c.e.s.service.CustomUserDetailsService   : User found: nuno3 with encoded password: $2a$10$KuY4Y4h1FA6483veb3DdneeTPY3gUZmttUu7zqYDurAfuo8mnbCpu
2024-07-09T00:34:20.998+01:00 DEBUG 27548 --- [sensor-api] [http-nio-8080-exec-6] c.e.s.service.CustomUserDetailsService   : Attempting to load user by username: nuno3
2024-07-09T00:34:20.998+01:00 DEBUG 27548 --- [sensor-api] [http-nio-8080-exec-7] c.e.s.service.CustomUserDetailsService   : Attempting to load user by username: nuno3
2024-07-09T00:34:21.001+01:00 DEBUG 27548 --- [sensor-api] [http-nio-8080-exec-7] c.e.s.service.CustomUserDetailsService   : User found: nuno3 with encoded password: $2a$10$KuY4Y4h1FA6483veb3DdneeTPY3gUZmttUu7zqYDurAfuo8mnbCpu
2024-07-09T00:34:21.001+01:00 DEBUG 27548 --- [sensor-api] [http-nio-8080-exec-6] c.e.s.service.CustomUserDetailsService   : User found: nuno3 with encoded password: $2a$10$KuY4Y4h1FA6483veb3DdneeTPY3gUZmttUu7zqYDurAfuo8mnbCpu
2024-07-09T00:34:25.583+01:00 DEBUG 27548 --- [sensor-api] [http-nio-8080-exec-10] c.e.s.service.CustomUserDetailsService   : Attempting to load user by username: nuno3
2024-07-09T00:34:25.587+01:00 DEBUG 27548 --- [sensor-api] [http-nio-8080-exec-10] c.e.s.service.CustomUserDetailsService   : User found: nuno3 with encoded password: $2a$10$KuY4Y4h1FA6483veb3DdneeTPY3gUZmttUu7zqYDurAfuo8mnbCpu
2024-07-09T00:34:25.602+01:00 DEBUG 27548 --- [sensor-api] [http-nio-8080-exec-9] c.e.s.service.CustomUserDetailsService   : Attempting to load user by username: nuno3
2024-07-09T00:34:25.605+01:00 DEBUG 27548 --- [sensor-api] [http-nio-8080-exec-9] c.e.s.service.CustomUserDetailsService   : User found: nuno3 with encoded password: $2a$10$KuY4Y4h1FA6483veb3DdneeTPY3gUZmttUu7zqYDurAfuo8mnbCpu
2024-07-09T00:34:33.819+01:00 DEBUG 27548 --- [sensor-api] [http-nio-8080-exec-1] c.e.s.service.CustomUserDetailsService   : Attempting to load user by username: nuno3
2024-07-09T00:34:33.819+01:00 DEBUG 27548 --- [sensor-api] [http-nio-8080-exec-3] c.e.s.service.CustomUserDetailsService   : Attempting to load user by username: nuno3
2024-07-09T00:34:33.821+01:00 DEBUG 27548 --- [sensor-api] [http-nio-8080-exec-3] c.e.s.service.CustomUserDetailsService   : User found: nuno3 with encoded password: $2a$10$KuY4Y4h1FA6483veb3DdneeTPY3gUZmttUu7zqYDurAfuo8mnbCpu
2024-07-09T00:34:33.822+01:00 DEBUG 27548 --- [sensor-api] [http-nio-8080-exec-1] c.e.s.service.CustomUserDetailsService   : User found: nuno3 with encoded password: $2a$10$KuY4Y4h1FA6483veb3DdneeTPY3gUZmttUu7zqYDurAfuo8mnbCpu
2024-07-09T00:34:33.834+01:00 DEBUG 27548 --- [sensor-api] [http-nio-8080-exec-2] c.e.s.service.CustomUserDetailsService   : Attempting to load user by username: nuno3
2024-07-09T00:34:33.836+01:00 DEBUG 27548 --- [sensor-api] [http-nio-8080-exec-5] c.e.s.service.CustomUserDetailsService   : Attempting to load user by username: nuno3
2024-07-09T00:34:33.838+01:00 DEBUG 27548 --- [sensor-api] [http-nio-8080-exec-2] c.e.s.service.CustomUserDetailsService   : User found: nuno3 with encoded password: $2a$10$KuY4Y4h1FA6483veb3DdneeTPY3gUZmttUu7zqYDurAfuo8mnbCpu
2024-07-09T00:34:33.838+01:00 DEBUG 27548 --- [sensor-api] [http-nio-8080-exec-5] c.e.s.service.CustomUserDetailsService   : User found: nuno3 with encoded password: $2a$10$KuY4Y4h1FA6483veb3DdneeTPY3gUZmttUu7zqYDurAfuo8mnbCpu
2024-07-09T00:34:35.282+01:00 DEBUG 27548 --- [sensor-api] [http-nio-8080-exec-8] c.e.s.service.CustomUserDetailsService   : Attempting to load user by username: nuno3
2024-07-09T00:34:35.284+01:00 DEBUG 27548 --- [sensor-api] [http-nio-8080-exec-8] c.e.s.service.CustomUserDetailsService   : User found: nuno3 with encoded password: $2a$10$KuY4Y4h1FA6483veb3DdneeTPY3gUZmttUu7zqYDurAfuo8mnbCpu
2024-07-09T00:34:35.299+01:00 DEBUG 27548 --- [sensor-api] [http-nio-8080-exec-4] c.e.s.service.CustomUserDetailsService   : Attempting to load user by username: nuno3
2024-07-09T00:34:35.303+01:00 DEBUG 27548 --- [sensor-api] [http-nio-8080-exec-4] c.e.s.service.CustomUserDetailsService   : User found: nuno3 with encoded password: $2a$10$KuY4Y4h1FA6483veb3DdneeTPY3gUZmttUu7zqYDurAfuo8mnbCpu
2024-07-09T00:34:36.716+01:00 DEBUG 27548 --- [sensor-api] [http-nio-8080-exec-7] c.e.s.service.CustomUserDetailsService   : Attempting to load user by username: nuno3
2024-07-09T00:34:36.719+01:00 DEBUG 27548 --- [sensor-api] [http-nio-8080-exec-7] c.e.s.service.CustomUserDetailsService   : User found: nuno3 with encoded password: $2a$10$KuY4Y4h1FA6483veb3DdneeTPY3gUZmttUu7zqYDurAfuo8mnbCpu
2024-07-09T00:34:44.201+01:00 DEBUG 27548 --- [sensor-api] [http-nio-8080-exec-6] c.e.s.service.CustomUserDetailsService   : Attempting to load user by username: nuno3
2024-07-09T00:34:44.203+01:00 DEBUG 27548 --- [sensor-api] [http-nio-8080-exec-6] c.e.s.service.CustomUserDetailsService   : User found: nuno3 with encoded password: $2a$10$KuY4Y4h1FA6483veb3DdneeTPY3gUZmttUu7zqYDurAfuo8mnbCpu
2024-07-09T00:34:44.220+01:00 DEBUG 27548 --- [sensor-api] [http-nio-8080-exec-10] c.e.s.service.CustomUserDetailsService   : Attempting to load user by username: nuno3
2024-07-09T00:34:44.223+01:00 DEBUG 27548 --- [sensor-api] [http-nio-8080-exec-10] c.e.s.service.CustomUserDetailsService   : User found: nuno3 with encoded password: $2a$10$KuY4Y4h1FA6483veb3DdneeTPY3gUZmttUu7zqYDurAfuo8mnbCpu
2024-07-09T00:34:45.302+01:00 DEBUG 27548 --- [sensor-api] [http-nio-8080-exec-3] c.e.s.service.CustomUserDetailsService   : Attempting to load user by username: nuno3
2024-07-09T00:34:45.302+01:00 DEBUG 27548 --- [sensor-api] [http-nio-8080-exec-9] c.e.s.service.CustomUserDetailsService   : Attempting to load user by username: nuno3
2024-07-09T00:34:45.305+01:00 DEBUG 27548 --- [sensor-api] [http-nio-8080-exec-9] c.e.s.service.CustomUserDetailsService   : User found: nuno3 with encoded password: $2a$10$KuY4Y4h1FA6483veb3DdneeTPY3gUZmttUu7zqYDurAfuo8mnbCpu
2024-07-09T00:34:45.305+01:00 DEBUG 27548 --- [sensor-api] [http-nio-8080-exec-3] c.e.s.service.CustomUserDetailsService   : User found: nuno3 with encoded password: $2a$10$KuY4Y4h1FA6483veb3DdneeTPY3gUZmttUu7zqYDurAfuo8mnbCpu
2024-07-09T00:34:45.315+01:00 DEBUG 27548 --- [sensor-api] [http-nio-8080-exec-1] c.e.s.service.CustomUserDetailsService   : Attempting to load user by username: nuno3
2024-07-09T00:34:45.315+01:00 DEBUG 27548 --- [sensor-api] [http-nio-8080-exec-5] c.e.s.service.CustomUserDetailsService   : Attempting to load user by username: nuno3
2024-07-09T00:34:45.317+01:00 DEBUG 27548 --- [sensor-api] [http-nio-8080-exec-1] c.e.s.service.CustomUserDetailsService   : User found: nuno3 with encoded password: $2a$10$KuY4Y4h1FA6483veb3DdneeTPY3gUZmttUu7zqYDurAfuo8mnbCpu
2024-07-09T00:34:45.317+01:00 DEBUG 27548 --- [sensor-api] [http-nio-8080-exec-5] c.e.s.service.CustomUserDetailsService   : User found: nuno3 with encoded password: $2a$10$KuY4Y4h1FA6483veb3DdneeTPY3gUZmttUu7zqYDurAfuo8mnbCpu
2024-07-09T00:46:12.957+01:00 DEBUG 27548 --- [sensor-api] [http-nio-8080-exec-6] c.e.s.service.CustomUserDetailsService   : Attempting to load user by username: nuno
2024-07-09T00:46:12.962+01:00 DEBUG 27548 --- [sensor-api] [http-nio-8080-exec-6] c.e.s.service.CustomUserDetailsService   : User found: nuno with encoded password: $2a$10$C00E4KoKKPxn9cq/ttoQ.O6GNeLyxSrbugDLPBmHSoTRtE7oAbqjO
2024-07-09T00:46:13.104+01:00 DEBUG 27548 --- [sensor-api] [http-nio-8080-exec-10] c.e.s.service.CustomUserDetailsService   : Attempting to load user by username: nuno
2024-07-09T00:46:13.105+01:00 DEBUG 27548 --- [sensor-api] [http-nio-8080-exec-3] c.e.s.service.CustomUserDetailsService   : Attempting to load user by username: nuno
2024-07-09T00:46:13.107+01:00 DEBUG 27548 --- [sensor-api] [http-nio-8080-exec-10] c.e.s.service.CustomUserDetailsService   : User found: nuno with encoded password: $2a$10$C00E4KoKKPxn9cq/ttoQ.O6GNeLyxSrbugDLPBmHSoTRtE7oAbqjO
2024-07-09T00:46:13.108+01:00 DEBUG 27548 --- [sensor-api] [http-nio-8080-exec-3] c.e.s.service.CustomUserDetailsService   : User found: nuno with encoded password: $2a$10$C00E4KoKKPxn9cq/ttoQ.O6GNeLyxSrbugDLPBmHSoTRtE7oAbqjO
2024-07-09T00:46:13.125+01:00 DEBUG 27548 --- [sensor-api] [http-nio-8080-exec-1] c.e.s.service.CustomUserDetailsService   : Attempting to load user by username: nuno
2024-07-09T00:46:13.125+01:00 DEBUG 27548 --- [sensor-api] [http-nio-8080-exec-9] c.e.s.service.CustomUserDetailsService   : Attempting to load user by username: nuno
2024-07-09T00:46:13.128+01:00 DEBUG 27548 --- [sensor-api] [http-nio-8080-exec-1] c.e.s.service.CustomUserDetailsService   : User found: nuno with encoded password: $2a$10$C00E4KoKKPxn9cq/ttoQ.O6GNeLyxSrbugDLPBmHSoTRtE7oAbqjO
2024-07-09T00:46:13.128+01:00 DEBUG 27548 --- [sensor-api] [http-nio-8080-exec-9] c.e.s.service.CustomUserDetailsService   : User found: nuno with encoded password: $2a$10$C00E4KoKKPxn9cq/ttoQ.O6GNeLyxSrbugDLPBmHSoTRtE7oAbqjO
2024-07-09T00:46:16.499+01:00 DEBUG 27548 --- [sensor-api] [http-nio-8080-exec-5] c.e.s.service.CustomUserDetailsService   : Attempting to load user by username: nuno
2024-07-09T00:46:16.503+01:00 DEBUG 27548 --- [sensor-api] [http-nio-8080-exec-5] c.e.s.service.CustomUserDetailsService   : User found: nuno with encoded password: $2a$10$C00E4KoKKPxn9cq/ttoQ.O6GNeLyxSrbugDLPBmHSoTRtE7oAbqjO
2024-07-09T00:46:16.519+01:00 DEBUG 27548 --- [sensor-api] [http-nio-8080-exec-4] c.e.s.service.CustomUserDetailsService   : Attempting to load user by username: nuno
2024-07-09T00:46:16.522+01:00 DEBUG 27548 --- [sensor-api] [http-nio-8080-exec-4] c.e.s.service.CustomUserDetailsService   : User found: nuno with encoded password: $2a$10$C00E4KoKKPxn9cq/ttoQ.O6GNeLyxSrbugDLPBmHSoTRtE7oAbqjO
2024-07-09T00:46:18.758+01:00 DEBUG 27548 --- [sensor-api] [http-nio-8080-exec-2] c.e.s.service.CustomUserDetailsService   : Attempting to load user by username: nuno
2024-07-09T00:46:18.761+01:00 DEBUG 27548 --- [sensor-api] [http-nio-8080-exec-2] c.e.s.service.CustomUserDetailsService   : User found: nuno with encoded password: $2a$10$C00E4KoKKPxn9cq/ttoQ.O6GNeLyxSrbugDLPBmHSoTRtE7oAbqjO
2024-07-09T00:46:22.632+01:00 DEBUG 27548 --- [sensor-api] [http-nio-8080-exec-7] c.e.s.service.CustomUserDetailsService   : Attempting to load user by username: nuno
2024-07-09T00:46:22.635+01:00 DEBUG 27548 --- [sensor-api] [http-nio-8080-exec-7] c.e.s.service.CustomUserDetailsService   : User found: nuno with encoded password: $2a$10$C00E4KoKKPxn9cq/ttoQ.O6GNeLyxSrbugDLPBmHSoTRtE7oAbqjO
2024-07-09T00:46:22.652+01:00 DEBUG 27548 --- [sensor-api] [http-nio-8080-exec-8] c.e.s.service.CustomUserDetailsService   : Attempting to load user by username: nuno
2024-07-09T00:46:22.658+01:00 DEBUG 27548 --- [sensor-api] [http-nio-8080-exec-8] c.e.s.service.CustomUserDetailsService   : User found: nuno with encoded password: $2a$10$C00E4KoKKPxn9cq/ttoQ.O6GNeLyxSrbugDLPBmHSoTRtE7oAbqjO
2024-07-09T00:46:24.515+01:00 DEBUG 27548 --- [sensor-api] [http-nio-8080-exec-6] c.e.s.service.CustomUserDetailsService   : Attempting to load user by username: nuno
2024-07-09T00:46:24.515+01:00 DEBUG 27548 --- [sensor-api] [http-nio-8080-exec-10] c.e.s.service.CustomUserDetailsService   : Attempting to load user by username: nuno
2024-07-09T00:46:24.518+01:00 DEBUG 27548 --- [sensor-api] [http-nio-8080-exec-6] c.e.s.service.CustomUserDetailsService   : User found: nuno with encoded password: $2a$10$C00E4KoKKPxn9cq/ttoQ.O6GNeLyxSrbugDLPBmHSoTRtE7oAbqjO
2024-07-09T00:46:24.518+01:00 DEBUG 27548 --- [sensor-api] [http-nio-8080-exec-10] c.e.s.service.CustomUserDetailsService   : User found: nuno with encoded password: $2a$10$C00E4KoKKPxn9cq/ttoQ.O6GNeLyxSrbugDLPBmHSoTRtE7oAbqjO
2024-07-09T00:46:24.529+01:00 DEBUG 27548 --- [sensor-api] [http-nio-8080-exec-9] c.e.s.service.CustomUserDetailsService   : Attempting to load user by username: nuno
2024-07-09T00:46:24.529+01:00 DEBUG 27548 --- [sensor-api] [http-nio-8080-exec-3] c.e.s.service.CustomUserDetailsService   : Attempting to load user by username: nuno
2024-07-09T00:46:24.533+01:00 DEBUG 27548 --- [sensor-api] [http-nio-8080-exec-9] c.e.s.service.CustomUserDetailsService   : User found: nuno with encoded password: $2a$10$C00E4KoKKPxn9cq/ttoQ.O6GNeLyxSrbugDLPBmHSoTRtE7oAbqjO
2024-07-09T00:46:24.533+01:00 DEBUG 27548 --- [sensor-api] [http-nio-8080-exec-3] c.e.s.service.CustomUserDetailsService   : User found: nuno with encoded password: $2a$10$C00E4KoKKPxn9cq/ttoQ.O6GNeLyxSrbugDLPBmHSoTRtE7oAbqjO
2024-07-09T00:48:51.295+01:00 DEBUG 27548 --- [sensor-api] [http-nio-8080-exec-7] c.e.s.service.CustomUserDetailsService   : Attempting to load user by username: nuno
2024-07-09T00:48:51.302+01:00 DEBUG 27548 --- [sensor-api] [http-nio-8080-exec-7] c.e.s.service.CustomUserDetailsService   : User found: nuno with encoded password: $2a$10$C00E4KoKKPxn9cq/ttoQ.O6GNeLyxSrbugDLPBmHSoTRtE7oAbqjO
2024-07-09T00:48:51.326+01:00 DEBUG 27548 --- [sensor-api] [http-nio-8080-exec-8] c.e.s.service.CustomUserDetailsService   : Attempting to load user by username: nuno
2024-07-09T00:48:51.330+01:00 DEBUG 27548 --- [sensor-api] [http-nio-8080-exec-8] c.e.s.service.CustomUserDetailsService   : User found: nuno with encoded password: $2a$10$C00E4KoKKPxn9cq/ttoQ.O6GNeLyxSrbugDLPBmHSoTRtE7oAbqjO
2024-07-09T01:00:21.154+01:00  INFO 27548 --- [sensor-api] [org.springframework.amqp.rabbit.RabbitListenerEndpointContainer#0-2] o.s.a.r.l.SimpleMessageListenerContainer : Waiting for workers to finish.
2024-07-09T01:00:22.065+01:00  INFO 27548 --- [sensor-api] [org.springframework.amqp.rabbit.RabbitListenerEndpointContainer#0-2] o.s.a.r.l.SimpleMessageListenerContainer : Successfully waited for workers to finish.
2024-07-09T01:00:44.416+01:00  INFO 18556 --- [sensor-api] [main] c.e.sensorapi.SensorApiApplicationTests  : Starting SensorApiApplicationTests using Java 21.0.3 with PID 18556 (started by nnsou in C:\Users\nnsou\OneDrive\Ambiente de Trabalho\Git\sensor-api)
2024-07-09T01:00:44.417+01:00 DEBUG 18556 --- [sensor-api] [main] c.e.sensorapi.SensorApiApplicationTests  : Running with Spring Boot v3.2.6, Spring v6.1.8
2024-07-09T01:00:44.418+01:00  INFO 18556 --- [sensor-api] [main] c.e.sensorapi.SensorApiApplicationTests  : No active profile set, falling back to 1 default profile: "default"
2024-07-09T01:00:45.394+01:00  INFO 18556 --- [sensor-api] [main] .s.d.r.c.RepositoryConfigurationDelegate : Bootstrapping Spring Data MongoDB repositories in DEFAULT mode.
2024-07-09T01:00:45.455+01:00  INFO 18556 --- [sensor-api] [main] .s.d.r.c.RepositoryConfigurationDelegate : Finished Spring Data repository scanning in 54 ms. Found 3 MongoDB repository interfaces.
2024-07-09T01:00:45.710+01:00  INFO 18556 --- [sensor-api] [main] o.s.cloud.context.scope.GenericScope     : BeanFactory id=4e088902-d38e-337c-a6e0-0fd80912c8d3
2024-07-09T01:00:46.400+01:00  INFO 18556 --- [sensor-api] [main] org.mongodb.driver.client                : MongoClient with metadata {"driver": {"name": "mongo-java-driver|sync|spring-boot", "version": "4.11.2"}, "os": {"type": "Windows", "name": "Windows 11", "architecture": "amd64", "version": "10.0"}, "platform": "Java/Oracle Corporation/21.0.3+7-LTS-152"} created with settings MongoClientSettings{readPreference=primary, writeConcern=WriteConcern{w=null, wTimeout=null ms, journal=null}, retryWrites=true, retryReads=true, readConcern=ReadConcern{level=null}, credential=null, transportSettings=null, streamFactoryFactory=null, commandListeners=[], codecRegistry=ProvidersCodecRegistry{codecProviders=[ValueCodecProvider{}, BsonValueCodecProvider{}, DBRefCodecProvider{}, DBObjectCodecProvider{}, DocumentCodecProvider{}, CollectionCodecProvider{}, IterableCodecProvider{}, MapCodecProvider{}, GeoJsonCodecProvider{}, GridFSFileCodecProvider{}, Jsr310CodecProvider{}, JsonObjectCodecProvider{}, BsonCodecProvider{}, EnumCodecProvider{}, com.mongodb.client.model.mql.ExpressionCodecProvider@3c9971af, com.mongodb.Jep395RecordCodecProvider@4abdd5e, com.mongodb.KotlinCodecProvider@66d61298]}, loggerSettings=LoggerSettings{maxDocumentLength=1000}, clusterSettings={hosts=[localhost:27017], srvServiceName=mongodb, mode=SINGLE, requiredClusterType=UNKNOWN, requiredReplicaSetName='null', serverSelector='null', clusterListeners='[]', serverSelectionTimeout='30000 ms', localThreshold='15 ms'}, socketSettings=SocketSettings{connectTimeoutMS=10000, readTimeoutMS=0, receiveBufferSize=0, proxySettings=ProxySettings{host=null, port=null, username=null, password=null}}, heartbeatSocketSettings=SocketSettings{connectTimeoutMS=10000, readTimeoutMS=10000, receiveBufferSize=0, proxySettings=ProxySettings{host=null, port=null, username=null, password=null}}, connectionPoolSettings=ConnectionPoolSettings{maxSize=100, minSize=0, maxWaitTimeMS=120000, maxConnectionLifeTimeMS=0, maxConnectionIdleTimeMS=0, maintenanceInitialDelayMS=0, maintenanceFrequencyMS=60000, connectionPoolListeners=[], maxConnecting=2}, serverSettings=ServerSettings{heartbeatFrequencyMS=10000, minHeartbeatFrequencyMS=500, serverListeners='[]', serverMonitorListeners='[]'}, sslSettings=SslSettings{enabled=false, invalidHostNameAllowed=false, context=null}, applicationName='null', compressorList=[], uuidRepresentation=JAVA_LEGACY, serverApi=null, autoEncryptionSettings=null, dnsClient=null, inetAddressResolver=null, contextProvider=null}
2024-07-09T01:00:46.469+01:00  INFO 18556 --- [sensor-api] [cluster-ClusterId{value='668c7dae20181d6cf2a79dd5', description='null'}-localhost:27017] org.mongodb.driver.cluster               : Monitor thread successfully connected to server with description ServerDescription{address=localhost:27017, type=STANDALONE, state=CONNECTED, ok=true, minWireVersion=0, maxWireVersion=21, maxDocumentSize=16777216, logicalSessionTimeoutMinutes=30, roundTripTimeNanos=59289000}
2024-07-09T01:00:47.708+01:00  INFO 18556 --- [sensor-api] [main] o.s.s.web.DefaultSecurityFilterChain     : Will secure any request with [org.springframework.security.web.session.DisableEncodeUrlFilter@7747571c, org.springframework.security.web.context.request.async.WebAsyncManagerIntegrationFilter@69e308e2, org.springframework.security.web.context.SecurityContextHolderFilter@154208f2, org.springframework.security.web.header.HeaderWriterFilter@16e3d6d0, org.springframework.web.filter.CorsFilter@3f67f5ff, org.springframework.security.web.authentication.logout.LogoutFilter@6c569caf, com.example.sensorapi.config.JwtAuthenticationFilter@1c80f8dd, org.springframework.security.web.savedrequest.RequestCacheAwareFilter@f73a7cf, org.springframework.security.web.servletapi.SecurityContextHolderAwareRequestFilter@4198921f, org.springframework.security.web.authentication.AnonymousAuthenticationFilter@51b2b3e6, org.springframework.security.web.session.SessionManagementFilter@949f0d, org.springframework.security.web.access.ExceptionTranslationFilter@57a0aeb8, org.springframework.security.web.access.intercept.AuthorizationFilter@322593ed]
2024-07-09T01:00:48.262+01:00  INFO 18556 --- [sensor-api] [main] o.s.a.r.c.CachingConnectionFactory       : Attempting to connect to: [localhost:5672]
2024-07-09T01:00:48.312+01:00  INFO 18556 --- [sensor-api] [main] o.s.a.r.c.CachingConnectionFactory       : Created new connection: rabbitConnectionFactory#7369208e:0/SimpleConnection@3f0751b0 [delegate=amqp://guest@127.0.0.1:5672/, localPort=55690]
2024-07-09T01:00:48.368+01:00  INFO 18556 --- [sensor-api] [main] c.e.sensorapi.SensorApiApplicationTests  : Started SensorApiApplicationTests in 4.29 seconds (process running for 6.997)
2024-07-09T01:00:48.569+01:00  INFO 18556 --- [sensor-api] [org.springframework.amqp.rabbit.RabbitListenerEndpointContainer#0-2] o.s.a.r.l.SimpleMessageListenerContainer : Waiting for workers to finish.
2024-07-09T01:00:49.366+01:00  INFO 18556 --- [sensor-api] [org.springframework.amqp.rabbit.RabbitListenerEndpointContainer#0-2] o.s.a.r.l.SimpleMessageListenerContainer : Successfully waited for workers to finish.
2024-07-09T01:01:16.981+01:00  INFO 29908 --- [sensor-api] [main] c.e.sensorapi.SensorApiApplicationTests  : Starting SensorApiApplicationTests using Java 21 with PID 29908 (started by nnsou in C:\Users\nnsou\OneDrive\Ambiente de Trabalho\Git\sensor-api)
2024-07-09T01:01:16.982+01:00 DEBUG 29908 --- [sensor-api] [main] c.e.sensorapi.SensorApiApplicationTests  : Running with Spring Boot v3.2.6, Spring v6.1.8
2024-07-09T01:01:16.982+01:00  INFO 29908 --- [sensor-api] [main] c.e.sensorapi.SensorApiApplicationTests  : No active profile set, falling back to 1 default profile: "default"
2024-07-09T01:01:17.854+01:00  INFO 29908 --- [sensor-api] [main] .s.d.r.c.RepositoryConfigurationDelegate : Bootstrapping Spring Data MongoDB repositories in DEFAULT mode.
2024-07-09T01:01:17.923+01:00  INFO 29908 --- [sensor-api] [main] .s.d.r.c.RepositoryConfigurationDelegate : Finished Spring Data repository scanning in 61 ms. Found 3 MongoDB repository interfaces.
2024-07-09T01:01:18.163+01:00  INFO 29908 --- [sensor-api] [main] o.s.cloud.context.scope.GenericScope     : BeanFactory id=4e088902-d38e-337c-a6e0-0fd80912c8d3
2024-07-09T01:01:19.268+01:00  INFO 29908 --- [sensor-api] [main] org.mongodb.driver.client                : MongoClient with metadata {"driver": {"name": "mongo-java-driver|sync|spring-boot", "version": "4.11.2"}, "os": {"type": "Windows", "name": "Windows 11", "architecture": "amd64", "version": "10.0"}, "platform": "Java/Oracle Corporation/21+35-2513"} created with settings MongoClientSettings{readPreference=primary, writeConcern=WriteConcern{w=null, wTimeout=null ms, journal=null}, retryWrites=true, retryReads=true, readConcern=ReadConcern{level=null}, credential=null, transportSettings=null, streamFactoryFactory=null, commandListeners=[], codecRegistry=ProvidersCodecRegistry{codecProviders=[ValueCodecProvider{}, BsonValueCodecProvider{}, DBRefCodecProvider{}, DBObjectCodecProvider{}, DocumentCodecProvider{}, CollectionCodecProvider{}, IterableCodecProvider{}, MapCodecProvider{}, GeoJsonCodecProvider{}, GridFSFileCodecProvider{}, Jsr310CodecProvider{}, JsonObjectCodecProvider{}, BsonCodecProvider{}, EnumCodecProvider{}, com.mongodb.client.model.mql.ExpressionCodecProvider@3da61af2, com.mongodb.Jep395RecordCodecProvider@7852ab30, com.mongodb.KotlinCodecProvider@417751d3]}, loggerSettings=LoggerSettings{maxDocumentLength=1000}, clusterSettings={hosts=[localhost:27017], srvServiceName=mongodb, mode=SINGLE, requiredClusterType=UNKNOWN, requiredReplicaSetName='null', serverSelector='null', clusterListeners='[]', serverSelectionTimeout='30000 ms', localThreshold='15 ms'}, socketSettings=SocketSettings{connectTimeoutMS=10000, readTimeoutMS=0, receiveBufferSize=0, proxySettings=ProxySettings{host=null, port=null, username=null, password=null}}, heartbeatSocketSettings=SocketSettings{connectTimeoutMS=10000, readTimeoutMS=10000, receiveBufferSize=0, proxySettings=ProxySettings{host=null, port=null, username=null, password=null}}, connectionPoolSettings=ConnectionPoolSettings{maxSize=100, minSize=0, maxWaitTimeMS=120000, maxConnectionLifeTimeMS=0, maxConnectionIdleTimeMS=0, maintenanceInitialDelayMS=0, maintenanceFrequencyMS=60000, connectionPoolListeners=[], maxConnecting=2}, serverSettings=ServerSettings{heartbeatFrequencyMS=10000, minHeartbeatFrequencyMS=500, serverListeners='[]', serverMonitorListeners='[]'}, sslSettings=SslSettings{enabled=false, invalidHostNameAllowed=false, context=null}, applicationName='null', compressorList=[], uuidRepresentation=JAVA_LEGACY, serverApi=null, autoEncryptionSettings=null, dnsClient=null, inetAddressResolver=null, contextProvider=null}
2024-07-09T01:01:19.288+01:00  INFO 29908 --- [sensor-api] [cluster-ClusterId{value='668c7dcff525440c4782c1fa', description='null'}-localhost:27017] org.mongodb.driver.cluster               : Monitor thread successfully connected to server with description ServerDescription{address=localhost:27017, type=STANDALONE, state=CONNECTED, ok=true, minWireVersion=0, maxWireVersion=21, maxDocumentSize=16777216, logicalSessionTimeoutMinutes=30, roundTripTimeNanos=38453600}
2024-07-09T01:01:20.810+01:00  INFO 29908 --- [sensor-api] [main] o.s.s.web.DefaultSecurityFilterChain     : Will secure any request with [org.springframework.security.web.session.DisableEncodeUrlFilter@2d093067, org.springframework.security.web.context.request.async.WebAsyncManagerIntegrationFilter@6c056020, org.springframework.security.web.context.SecurityContextHolderFilter@53c21c05, org.springframework.security.web.header.HeaderWriterFilter@1e9a10e9, org.springframework.web.filter.CorsFilter@7cc842b0, org.springframework.security.web.authentication.logout.LogoutFilter@38ae69f7, com.example.sensorapi.config.JwtAuthenticationFilter@53dd29e0, org.springframework.security.web.savedrequest.RequestCacheAwareFilter@38326fd5, org.springframework.security.web.servletapi.SecurityContextHolderAwareRequestFilter@4a467ada, org.springframework.security.web.authentication.AnonymousAuthenticationFilter@3733b1f4, org.springframework.security.web.session.SessionManagementFilter@1be4f05c, org.springframework.security.web.access.ExceptionTranslationFilter@5fafd099, org.springframework.security.web.access.intercept.AuthorizationFilter@328e687e]
2024-07-09T01:01:21.370+01:00  INFO 29908 --- [sensor-api] [main] o.s.a.r.c.CachingConnectionFactory       : Attempting to connect to: [localhost:5672]
2024-07-09T01:01:21.417+01:00  INFO 29908 --- [sensor-api] [main] o.s.a.r.c.CachingConnectionFactory       : Created new connection: rabbitConnectionFactory#2e51ede1:0/SimpleConnection@7305191e [delegate=amqp://guest@127.0.0.1:5672/, localPort=55703]
2024-07-09T01:01:21.472+01:00  INFO 29908 --- [sensor-api] [main] c.e.sensorapi.SensorApiApplicationTests  : Started SensorApiApplicationTests in 4.814 seconds (process running for 7.511)
2024-07-09T01:01:21.568+01:00  INFO 29908 --- [sensor-api] [org.springframework.amqp.rabbit.RabbitListenerEndpointContainer#0-2] o.s.a.r.l.SimpleMessageListenerContainer : Waiting for workers to finish.
2024-07-09T01:01:22.468+01:00  INFO 29908 --- [sensor-api] [org.springframework.amqp.rabbit.RabbitListenerEndpointContainer#0-2] o.s.a.r.l.SimpleMessageListenerContainer : Successfully waited for workers to finish.
